##############################################################################################################
#
# Rosetta crash log. Please submit the contents of this file to http://crash.rosettacommons.org/
# or use the script Rosetta/main/source/scripts/python/public/report_crashes.py
#

[START_CRASH_REPORT]
[ROSETTA_VERSION]: 2024.18+main.117e2f6
[COMMIT_DATE]: 2024-04-29T11:38:30
[APPLICATION]: UNKNOWN APPLICATION
[MODE]: Release
[EXTRAS]: mpi (OpenMPI 4.0.5) 
[OS]: GNU/Linux
[COMPILER]: GCC version "4.8.5 20150623 (Red Hat 4.8.5-44)"
[STDLIB]: libstdc++ version 20150623
[START_OPTIONS]
NO OPTIONS SPECIFIED

[END_OPTIONS]

[START_BACKTRACE]: RAW_LIBC
/ihome/crc/install/rosetta/rosetta_v2024.18.62107/source/build/src/release/linux/3.10/64/x86/gcc/10.2/mpi/libutility.so(backtrace_string(int)+0x3a) [0x7f57e2f7fe7a]
/ihome/crc/install/rosetta/rosetta_v2024.18.62107/source/build/src/release/linux/3.10/64/x86/gcc/10.2/mpi/libutility.so(utility::excn::Exception::Exception(char const*, int, std::string const&)+0x51) [0x7f57e2fbe861]
/ihome/crc/install/rosetta/rosetta_v2024.18.62107/source/build/src/release/linux/3.10/64/x86/gcc/10.2/mpi/libutility.so(utility::options::OptionCollection::find_key_cl(std::string const&, std::string const&, bool)+0xc73) [0x7f57e30aad43]
/ihome/crc/install/rosetta/rosetta_v2024.18.62107/source/build/src/release/linux/3.10/64/x86/gcc/10.2/mpi/libutility.so(utility::options::OptionCollection::load_option_cl(std::string const&, std::list<std::string, std::allocator<std::string> >&, std::string const&)+0x15d) [0x7f57e30ab9dd]
/ihome/crc/install/rosetta/rosetta_v2024.18.62107/source/build/src/release/linux/3.10/64/x86/gcc/10.2/mpi/libutility.so(utility::options::OptionCollection::load(std::string, std::list<std::string, std::allocator<std::string> >&, bool)+0x167) [0x7f57e30aef27]
/ihome/crc/install/rosetta/rosetta_v2024.18.62107/source/build/src/release/linux/3.10/64/x86/gcc/10.2/mpi/libutility.so(utility::options::OptionCollection::load(int, char* const*, bool)+0x13e) [0x7f57e30afb2e]
/ihome/crc/install/rosetta/rosetta_v2024.18.62107/source/build/src/release/linux/3.10/64/x86/gcc/10.2/mpi/libcore.6.so(core::init::init_options(int, char**)+0x1f) [0x7f57e88a27ef]
/ihome/crc/install/rosetta/rosetta_v2024.18.62107/source/build/src/release/linux/3.10/64/x86/gcc/10.2/mpi/libcore.6.so(core::init::init(int, char**)+0x27) [0x7f57e88a6867]
rosetta_scripts.mpi.linuxgccrelease() [0x403a2a]
/lib64/libc.so.6(__libc_start_main+0xf5) [0x7f57e02df555]
rosetta_scripts.mpi.linuxgccrelease() [0x4040c1]

[END_BACKTRACE]

[FILE]: src/utility/options/OptionCollection.cc
[LINE]: 1467
[START_MESSAGE]
Option matching -out:no not found in command line top-level context
Did you mean:
	 -canonical_sampling:probabilities:sc
	 -cm
	 -cm:nn
	 -cp
	 -cutoutdomain:end
	 -dc
	 -dist_cst:sd
	 -dna
	 -dump_trajectory:gz
	 -frags:j
	 -full_model:rna
	 -in
	 -in:file:dc
	 -in:file:l
	 -in:file:s
	 -in:file:t
	 -lh
	 -loodo:bot
	 -mc
	 -mh
	 -mh:match:aa
	 -mh:match:ss
	 -motifs:r1
	 -motifs:r2
	 -motifs:z1
	 -motifs:z2
	 -mp
	 -mp:geo
	 -ms
	 -ms:checkpoint:gz
	 -nmr
	 -noesy:prob:sigmoid:m
	 -noesy:prob:sigmoid:w
	 -out:file:o
	 -out:path:db
	 -out:sf
	 -pH
	 -parser:info
	 -relax:range:kT
	 -remodel:rg
	 -rna
	 -rna:denovo:db
	 -run:rng
	 -score:fiber_diffraction:a
	 -score:fiber_diffraction:b
	 -score:fiber_diffraction:p
	 -score:rna
	 -stepwise:rna
	 -stepwise:s1
	 -stepwise:s2
	 -tempering:temp:low
	 -ufv:ss
	 -willmatch:poi


[END_MESSAGE]
[END_CRASH_REPORT]

##############################################################################################################
#
# Rosetta crash log. Please submit the contents of this file to http://crash.rosettacommons.org/
# or use the script Rosetta/main/source/scripts/python/public/report_crashes.py
#

[START_CRASH_REPORT]
[ROSETTA_VERSION]: 2024.18+main.117e2f6
[COMMIT_DATE]: 2024-04-29T11:38:30
[APPLICATION]: UNKNOWN APPLICATION
[MODE]: Release
[EXTRAS]: mpi (OpenMPI 4.0.5) 
[OS]: GNU/Linux
[COMPILER]: GCC version "4.8.5 20150623 (Red Hat 4.8.5-44)"
[STDLIB]: libstdc++ version 20150623
[START_OPTIONS]
NO OPTIONS SPECIFIED

[END_OPTIONS]

[START_BACKTRACE]: RAW_LIBC
/ihome/crc/install/rosetta/rosetta_v2024.18.62107/source/build/src/release/linux/3.10/64/x86/gcc/10.2/mpi/libutility.so(backtrace_string(int)+0x3a) [0x7fb280d79e7a]
/ihome/crc/install/rosetta/rosetta_v2024.18.62107/source/build/src/release/linux/3.10/64/x86/gcc/10.2/mpi/libutility.so(utility::excn::Exception::Exception(char const*, int, std::string const&)+0x51) [0x7fb280db8861]
/ihome/crc/install/rosetta/rosetta_v2024.18.62107/source/build/src/release/linux/3.10/64/x86/gcc/10.2/mpi/libutility.so(utility::options::OptionCollection::find_key_cl(std::string const&, std::string const&, bool)+0xc73) [0x7fb280ea4d43]
/ihome/crc/install/rosetta/rosetta_v2024.18.62107/source/build/src/release/linux/3.10/64/x86/gcc/10.2/mpi/libutility.so(utility::options::OptionCollection::load_option_cl(std::string const&, std::list<std::string, std::allocator<std::string> >&, std::string const&)+0x15d) [0x7fb280ea59dd]
/ihome/crc/install/rosetta/rosetta_v2024.18.62107/source/build/src/release/linux/3.10/64/x86/gcc/10.2/mpi/libutility.so(utility::options::OptionCollection::load(std::string, std::list<std::string, std::allocator<std::string> >&, bool)+0x167) [0x7fb280ea8f27]
/ihome/crc/install/rosetta/rosetta_v2024.18.62107/source/build/src/release/linux/3.10/64/x86/gcc/10.2/mpi/libutility.so(utility::options::OptionCollection::load(int, char* const*, bool)+0x13e) [0x7fb280ea9b2e]
/ihome/crc/install/rosetta/rosetta_v2024.18.62107/source/build/src/release/linux/3.10/64/x86/gcc/10.2/mpi/libcore.6.so(core::init::init_options(int, char**)+0x1f) [0x7fb28669c7ef]
/ihome/crc/install/rosetta/rosetta_v2024.18.62107/source/build/src/release/linux/3.10/64/x86/gcc/10.2/mpi/libcore.6.so(core::init::init(int, char**)+0x27) [0x7fb2866a0867]
rosetta_scripts.mpi.linuxgccrelease() [0x403a2a]
/lib64/libc.so.6(__libc_start_main+0xf5) [0x7fb27e0d9555]
rosetta_scripts.mpi.linuxgccrelease() [0x4040c1]

[END_BACKTRACE]

[FILE]: src/utility/options/OptionCollection.cc
[LINE]: 1467
[START_MESSAGE]
Option matching -jd2:show_fold_tree not found in command line top-level context

[END_MESSAGE]
[END_CRASH_REPORT]

##############################################################################################################
#
# Rosetta crash log. Please submit the contents of this file to http://crash.rosettacommons.org/
# or use the script Rosetta/main/source/scripts/python/public/report_crashes.py
#

[START_CRASH_REPORT]
[ROSETTA_VERSION]: 2024.18+main.117e2f6
[COMMIT_DATE]: 2024-04-29T11:38:30
[APPLICATION]: UNKNOWN APPLICATION
[MODE]: Release
[EXTRAS]: mpi (OpenMPI 4.0.5) 
[OS]: GNU/Linux
[COMPILER]: GCC version "4.8.5 20150623 (Red Hat 4.8.5-44)"
[STDLIB]: libstdc++ version 20150623
[START_OPTIONS]
NO OPTIONS SPECIFIED

[END_OPTIONS]

[START_BACKTRACE]: RAW_LIBC
/ihome/crc/install/rosetta/rosetta_v2024.18.62107/source/build/src/release/linux/3.10/64/x86/gcc/10.2/mpi/libutility.so(backtrace_string(int)+0x3a) [0x7fdcdf930e7a]
/ihome/crc/install/rosetta/rosetta_v2024.18.62107/source/build/src/release/linux/3.10/64/x86/gcc/10.2/mpi/libutility.so(utility::excn::Exception::Exception(char const*, int, std::string const&)+0x51) [0x7fdcdf96f861]
/ihome/crc/install/rosetta/rosetta_v2024.18.62107/source/build/src/release/linux/3.10/64/x86/gcc/10.2/mpi/libutility.so(utility::options::OptionCollection::find_key_cl(std::string const&, std::string const&, bool)+0xc73) [0x7fdcdfa5bd43]
/ihome/crc/install/rosetta/rosetta_v2024.18.62107/source/build/src/release/linux/3.10/64/x86/gcc/10.2/mpi/libutility.so(utility::options::OptionCollection::load_option_cl(std::string const&, std::list<std::string, std::allocator<std::string> >&, std::string const&)+0x15d) [0x7fdcdfa5c9dd]
/ihome/crc/install/rosetta/rosetta_v2024.18.62107/source/build/src/release/linux/3.10/64/x86/gcc/10.2/mpi/libutility.so(utility::options::OptionCollection::load(std::string, std::list<std::string, std::allocator<std::string> >&, bool)+0x167) [0x7fdcdfa5ff27]
/ihome/crc/install/rosetta/rosetta_v2024.18.62107/source/build/src/release/linux/3.10/64/x86/gcc/10.2/mpi/libutility.so(utility::options::OptionCollection::load(int, char* const*, bool)+0x13e) [0x7fdcdfa60b2e]
/ihome/crc/install/rosetta/rosetta_v2024.18.62107/source/build/src/release/linux/3.10/64/x86/gcc/10.2/mpi/libcore.6.so(core::init::init_options(int, char**)+0x1f) [0x7fdce52537ef]
/ihome/crc/install/rosetta/rosetta_v2024.18.62107/source/build/src/release/linux/3.10/64/x86/gcc/10.2/mpi/libcore.6.so(core::init::init(int, char**)+0x27) [0x7fdce5257867]
rosetta_scripts.mpi.linuxgccrelease() [0x403a2a]
/lib64/libc.so.6(__libc_start_main+0xf5) [0x7fdcdcc90555]
rosetta_scripts.mpi.linuxgccrelease() [0x4040c1]

[END_BACKTRACE]

[FILE]: src/utility/options/OptionCollection.cc
[LINE]: 1467
[START_MESSAGE]
Option matching -jd2:show_fold_tree not found in command line top-level context

[END_MESSAGE]
[END_CRASH_REPORT]

##############################################################################################################
#
# Rosetta crash log. Please submit the contents of this file to http://crash.rosettacommons.org/
# or use the script Rosetta/main/source/scripts/python/public/report_crashes.py
#

[START_CRASH_REPORT]
[ROSETTA_VERSION]: 2024.18+main.117e2f6
[COMMIT_DATE]: 2024-04-29T11:38:30
[APPLICATION]: rosetta_scripts.mpi.linuxgccrelease
[MODE]: Release
[EXTRAS]: mpi (OpenMPI 4.0.5) 
[OS]: GNU/Linux
[COMPILER]: GCC version "4.8.5 20150623 (Red Hat 4.8.5-44)"
[STDLIB]: libstdc++ version 20150623
[START_OPTIONS]
 -in:file:s=inputs/pdbs/C5_3_9_dn10_AB_trunc_input.pdb -out:nstruct=1 -out:pdb -out:path:all=./outputs/test_symm/ -parser:protocol=./xml/check_symm.xml

[END_OPTIONS]

[START_BACKTRACE]: RAW_LIBC
/ihome/crc/install/rosetta/rosetta_v2024.18.62107/source/build/src/release/linux/3.10/64/x86/gcc/10.2/mpi/libutility.so(backtrace_string(int)+0x3a) [0x7f9c8ccb2e7a]
/ihome/crc/install/rosetta/rosetta_v2024.18.62107/source/build/src/release/linux/3.10/64/x86/gcc/10.2/mpi/libutility.so(utility::excn::Exception::Exception(char const*, int, std::string const&)+0x51) [0x7f9c8ccf1861]
/ihome/crc/install/rosetta/rosetta_v2024.18.62107/source/build/src/release/linux/3.10/64/x86/gcc/10.2/mpi/libprotocols.1.so(protocols::rosetta_scripts::RosettaScriptsParser::validate_input_script_against_xsd(std::string const&, std::basic_stringstream<char, std::char_traits<char>, std::allocator<char> > const&) const+0x65b) [0x7f9c930cb0bb]
/ihome/crc/install/rosetta/rosetta_v2024.18.62107/source/build/src/release/linux/3.10/64/x86/gcc/10.2/mpi/libprotocols.1.so(protocols::rosetta_scripts::RosettaScriptsParser::finish_creating_tag(std::string const&, utility::vector1<std::string, std::allocator<std::string> > const&, std::string const&) const+0x39f) [0x7f9c930d416f]
/ihome/crc/install/rosetta/rosetta_v2024.18.62107/source/build/src/release/linux/3.10/64/x86/gcc/10.2/mpi/libprotocols.1.so(protocols::rosetta_scripts::RosettaScriptsParser::create_tag_from_xml(std::string const&, utility::vector1<std::string, std::allocator<std::string> > const&)+0x2df) [0x7f9c930d47bf]
/ihome/crc/install/rosetta/rosetta_v2024.18.62107/source/build/src/release/linux/3.10/64/x86/gcc/10.2/mpi/libprotocols.1.so(protocols::rosetta_scripts::RosettaScriptsParser::create_tag_from_xml(std::string const&, utility::options::OptionCollection const&)+0x17e) [0x7f9c930d4bae]
/ihome/crc/install/rosetta/rosetta_v2024.18.62107/source/build/src/release/linux/3.10/64/x86/gcc/10.2/mpi/libprotocols.1.so(protocols::rosetta_scripts::RosettaScriptsParser::generate_mover(std::shared_ptr<protocols::moves::Mover>&, bool, std::string const&, std::string const&, std::string const&, bool)+0xac) [0x7f9c930d67bc]
/ihome/crc/install/rosetta/rosetta_v2024.18.62107/source/build/src/release/linux/3.10/64/x86/gcc/10.2/mpi/libprotocols.1.so(protocols::jd2::JobDistributor::run_one_job(std::shared_ptr<protocols::moves::Mover>&, long, std::string&, std::string&, unsigned long&, unsigned long&, bool)+0x141e) [0x7f9c92cd9d4e]
/ihome/crc/install/rosetta/rosetta_v2024.18.62107/source/build/src/release/linux/3.10/64/x86/gcc/10.2/mpi/libprotocols.1.so(protocols::jd2::JobDistributor::go_main(std::shared_ptr<protocols::moves::Mover>)+0xc1) [0x7f9c92cdb331]
/ihome/crc/install/rosetta/rosetta_v2024.18.62107/source/build/src/release/linux/3.10/64/x86/gcc/10.2/mpi/libprotocols.1.so(protocols::jd2::FileSystemJobDistributor::go(std::shared_ptr<protocols::moves::Mover>)+0x4a) [0x7f9c92cca65a]
rosetta_scripts.mpi.linuxgccrelease() [0x403d1e]
/lib64/libc.so.6(__libc_start_main+0xf5) [0x7f9c8a012555]
rosetta_scripts.mpi.linuxgccrelease() [0x4040c1]

[END_BACKTRACE]

[FILE]: src/protocols/rosetta_scripts/RosettaScriptsParser.cc
[LINE]: 1217
[START_MESSAGE]
Input rosetta scripts XML file "./xml/check_symm.xml" failed to validate against the rosetta scripts schema. Use the option -parser::output_schema <output filename> to output the schema to a file to see all valid options.
Your XML has failed validation.  The error message below will tell you where in your XML file the error occurred.  Here's how to fix it:

1) If the validation fails on something obvious, like an illegal attribute due to a spelling error (perhaps you used scorefnction instead of scorefunction), then you need to fix your XML file.
2) If you haven't run the XML rewriter script and this might be pre-2017 Rosetta XML, run the rewriter script (tools/xsd_xrw/rewrite_rosetta_script.py) on your input XML first.  The attribute values not being in quotes (scorefunction=talaris2014 instead of scorefunction="talaris2014") is a good indicator that this is your problem.
3) If you are a developer and neither 1 nor 2 worked - email the developer's mailing list or try Slack.
4) If you are an academic or commercial user - try the Rosetta Forums https://www.rosettacommons.org/forum


Error messages were:
From line 11:
Error: Element 'PrintFoldTree': This element is not expected.

 6:     </TASKOPERATIONS>
 7:     <FILTERS>
 8:     </FILTERS>
 9:     <MOVERS>
10:       <SetupForSymmetry name="setup_symm" definition="./inputs/symmdefs/C5.symm" />
11:       <PrintFoldTree name="show_fold_tree" />
12:     </MOVERS>
13:     <APPLY_TO_POSE>
14:     </APPLY_TO_POSE>
15:     <PROTOCOLS>
16:       <Add mover_name="setup_symm" />
------------------------------------------------------------
Warning messages were:
------------------------------------------------------------


[END_MESSAGE]
[END_CRASH_REPORT]

##############################################################################################################
#
# Rosetta crash log. Please submit the contents of this file to http://crash.rosettacommons.org/
# or use the script Rosetta/main/source/scripts/python/public/report_crashes.py
#

[START_CRASH_REPORT]
[ROSETTA_VERSION]: 2024.18+main.117e2f6
[COMMIT_DATE]: 2024-04-29T11:38:30
[APPLICATION]: rosetta_scripts.mpi.linuxgccrelease
[MODE]: Release
[EXTRAS]: mpi (OpenMPI 4.0.5) 
[OS]: GNU/Linux
[COMPILER]: GCC version "4.8.5 20150623 (Red Hat 4.8.5-44)"
[STDLIB]: libstdc++ version 20150623
[START_OPTIONS]
 -in:file:s=inputs/pdbs/C5_3_9_dn10_AB_trunc_input.pdb -out:nstruct=1 -out:pdb -out:path:all=./outputs/test_symm/ -parser:protocol=./xml/check_symm.xml

[END_OPTIONS]

[START_BACKTRACE]: RAW_LIBC
/ihome/crc/install/rosetta/rosetta_v2024.18.62107/source/build/src/release/linux/3.10/64/x86/gcc/10.2/mpi/libutility.so(backtrace_string(int)+0x3a) [0x7fc9dc2f5e7a]
/ihome/crc/install/rosetta/rosetta_v2024.18.62107/source/build/src/release/linux/3.10/64/x86/gcc/10.2/mpi/libutility.so(utility::excn::Exception::Exception(char const*, int, std::string const&)+0x51) [0x7fc9dc334861]
/ihome/crc/install/rosetta/rosetta_v2024.18.62107/source/build/src/release/linux/3.10/64/x86/gcc/10.2/mpi/libprotocols.1.so(protocols::rosetta_scripts::RosettaScriptsParser::validate_input_script_against_xsd(std::string const&, std::basic_stringstream<char, std::char_traits<char>, std::allocator<char> > const&) const+0x65b) [0x7fc9e270e0bb]
/ihome/crc/install/rosetta/rosetta_v2024.18.62107/source/build/src/release/linux/3.10/64/x86/gcc/10.2/mpi/libprotocols.1.so(protocols::rosetta_scripts::RosettaScriptsParser::finish_creating_tag(std::string const&, utility::vector1<std::string, std::allocator<std::string> > const&, std::string const&) const+0x39f) [0x7fc9e271716f]
/ihome/crc/install/rosetta/rosetta_v2024.18.62107/source/build/src/release/linux/3.10/64/x86/gcc/10.2/mpi/libprotocols.1.so(protocols::rosetta_scripts::RosettaScriptsParser::create_tag_from_xml(std::string const&, utility::vector1<std::string, std::allocator<std::string> > const&)+0x2df) [0x7fc9e27177bf]
/ihome/crc/install/rosetta/rosetta_v2024.18.62107/source/build/src/release/linux/3.10/64/x86/gcc/10.2/mpi/libprotocols.1.so(protocols::rosetta_scripts::RosettaScriptsParser::create_tag_from_xml(std::string const&, utility::options::OptionCollection const&)+0x17e) [0x7fc9e2717bae]
/ihome/crc/install/rosetta/rosetta_v2024.18.62107/source/build/src/release/linux/3.10/64/x86/gcc/10.2/mpi/libprotocols.1.so(protocols::rosetta_scripts::RosettaScriptsParser::generate_mover(std::shared_ptr<protocols::moves::Mover>&, bool, std::string const&, std::string const&, std::string const&, bool)+0xac) [0x7fc9e27197bc]
/ihome/crc/install/rosetta/rosetta_v2024.18.62107/source/build/src/release/linux/3.10/64/x86/gcc/10.2/mpi/libprotocols.1.so(protocols::jd2::JobDistributor::run_one_job(std::shared_ptr<protocols::moves::Mover>&, long, std::string&, std::string&, unsigned long&, unsigned long&, bool)+0x141e) [0x7fc9e231cd4e]
/ihome/crc/install/rosetta/rosetta_v2024.18.62107/source/build/src/release/linux/3.10/64/x86/gcc/10.2/mpi/libprotocols.1.so(protocols::jd2::JobDistributor::go_main(std::shared_ptr<protocols::moves::Mover>)+0xc1) [0x7fc9e231e331]
/ihome/crc/install/rosetta/rosetta_v2024.18.62107/source/build/src/release/linux/3.10/64/x86/gcc/10.2/mpi/libprotocols.1.so(protocols::jd2::FileSystemJobDistributor::go(std::shared_ptr<protocols::moves::Mover>)+0x4a) [0x7fc9e230d65a]
rosetta_scripts.mpi.linuxgccrelease() [0x403d1e]
/lib64/libc.so.6(__libc_start_main+0xf5) [0x7fc9d9655555]
rosetta_scripts.mpi.linuxgccrelease() [0x4040c1]

[END_BACKTRACE]

[FILE]: src/protocols/rosetta_scripts/RosettaScriptsParser.cc
[LINE]: 1217
[START_MESSAGE]
Input rosetta scripts XML file "./xml/check_symm.xml" failed to validate against the rosetta scripts schema. Use the option -parser::output_schema <output filename> to output the schema to a file to see all valid options.
Your XML has failed validation.  The error message below will tell you where in your XML file the error occurred.  Here's how to fix it:

1) If the validation fails on something obvious, like an illegal attribute due to a spelling error (perhaps you used scorefnction instead of scorefunction), then you need to fix your XML file.
2) If you haven't run the XML rewriter script and this might be pre-2017 Rosetta XML, run the rewriter script (tools/xsd_xrw/rewrite_rosetta_script.py) on your input XML first.  The attribute values not being in quotes (scorefunction=talaris2014 instead of scorefunction="talaris2014") is a good indicator that this is your problem.
3) If you are a developer and neither 1 nor 2 worked - email the developer's mailing list or try Slack.
4) If you are an academic or commercial user - try the Rosetta Forums https://www.rosettacommons.org/forum


Error messages were:
From line 11:
Error: Element 'Show': This element is not expected.

 6:     </TASKOPERATIONS>
 7:     <FILTERS>
 8:     </FILTERS>
 9:     <MOVERS>
10:       <SetupForSymmetry name="setup_symm" definition="./inputs/symmdefs/C5.symm" />
11:       <Show name="show_fold_tree" />
12:     </MOVERS>
13:     <APPLY_TO_POSE>
14:     </APPLY_TO_POSE>
15:     <PROTOCOLS>
16:       <Add mover_name="setup_symm" />
------------------------------------------------------------
Warning messages were:
------------------------------------------------------------


[END_MESSAGE]
[END_CRASH_REPORT]

